<?xml version="1.0" encoding="UTF-8"?>
<coverage generated="1623624000279" clover="3.2.0">
  <project timestamp="1623624000280" name="All files">
    <metrics statements="74" coveredstatements="57" conditionals="48" coveredconditionals="24" methods="22" coveredmethods="18" elements="144" coveredelements="99" complexity="0" loc="74" ncloc="74" packages="1" files="5" classes="5"/>
    <file name="AssetDiff.ts" path="D:\Documents\GitHub\CloudX.js\src\AssetDiff.ts">
      <metrics statements="11" coveredstatements="11" conditionals="3" coveredconditionals="2" methods="4" coveredmethods="4"/>
      <line num="6" count="1" type="stmt"/>
      <line num="12" count="1" type="stmt"/>
      <line num="13" count="1" type="stmt"/>
      <line num="14" count="1" type="stmt"/>
      <line num="15" count="1" type="stmt"/>
      <line num="18" count="1" type="stmt"/>
      <line num="21" count="1" type="stmt"/>
      <line num="39" count="1" type="cond" truecount="2" falsecount="0"/>
      <line num="40" count="1" type="stmt"/>
      <line num="41" count="1" type="stmt"/>
      <line num="42" count="1" type="stmt"/>
    </file>
    <file name="AssetEntry.ts" path="D:\Documents\GitHub\CloudX.js\src\AssetEntry.ts">
      <metrics statements="11" coveredstatements="10" conditionals="11" coveredconditionals="7" methods="4" coveredmethods="4"/>
      <line num="1" count="1" type="stmt"/>
      <line num="9" count="1" type="stmt"/>
      <line num="15" count="3" type="stmt"/>
      <line num="16" count="3" type="stmt"/>
      <line num="17" count="3" type="stmt"/>
      <line num="21" count="3" type="stmt"/>
      <line num="28" count="1" type="cond" truecount="3" falsecount="1"/>
      <line num="29" count="0" type="stmt"/>
      <line num="30" count="1" type="stmt"/>
      <line num="33" count="1" type="stmt"/>
      <line num="36" count="1" type="stmt"/>
    </file>
    <file name="AssetInfo.ts" path="D:\Documents\GitHub\CloudX.js\src\AssetInfo.ts">
      <metrics statements="9" coveredstatements="9" conditionals="1" coveredconditionals="0" methods="2" coveredmethods="2"/>
      <line num="6" count="1" type="stmt"/>
      <line num="15" count="1" type="stmt"/>
      <line num="16" count="1" type="stmt"/>
      <line num="17" count="1" type="stmt"/>
      <line num="18" count="1" type="stmt"/>
      <line num="19" count="1" type="stmt"/>
      <line num="20" count="1" type="stmt"/>
      <line num="21" count="1" type="stmt"/>
      <line num="24" count="1" type="stmt"/>
    </file>
    <file name="AssetUtil.ts" path="D:\Documents\GitHub\CloudX.js\src\AssetUtil.ts">
      <metrics statements="26" coveredstatements="22" conditionals="22" coveredconditionals="15" methods="6" coveredmethods="6"/>
      <line num="1" count="1" type="stmt"/>
      <line num="2" count="1" type="stmt"/>
      <line num="3" count="1" type="stmt"/>
      <line num="10" count="1" type="stmt"/>
      <line num="19" count="1" type="stmt"/>
      <line num="32" count="1" type="cond" truecount="1" falsecount="1"/>
      <line num="33" count="1" type="stmt"/>
      <line num="38" count="0" type="cond" truecount="0" falsecount="2"/>
      <line num="39" count="0" type="stmt"/>
      <line num="41" count="0" type="stmt"/>
      <line num="54" count="2" type="cond" truecount="5" falsecount="1"/>
      <line num="55" count="0" type="stmt"/>
      <line num="56" count="2" type="stmt"/>
      <line num="68" count="1" type="cond" truecount="1" falsecount="1"/>
      <line num="69" count="1" type="cond" truecount="1" falsecount="1"/>
      <line num="70" count="1" type="stmt"/>
      <line num="71" count="1" type="stmt"/>
      <line num="72" count="1" type="cond" truecount="1" falsecount="1"/>
      <line num="73" count="1" type="stmt"/>
      <line num="85" count="5" type="cond" truecount="2" falsecount="0"/>
      <line num="103" count="2" type="stmt"/>
      <line num="104" count="2" type="cond" truecount="2" falsecount="0"/>
      <line num="105" count="1" type="stmt"/>
      <line num="106" count="1" type="stmt"/>
      <line num="108" count="1" type="stmt"/>
      <line num="110" count="2" type="stmt"/>
    </file>
    <file name="ComputationLock.ts" path="D:\Documents\GitHub\CloudX.js\src\ComputationLock.ts">
      <metrics statements="17" coveredstatements="5" conditionals="11" coveredconditionals="0" methods="6" coveredmethods="2"/>
      <line num="2" count="1" type="stmt"/>
      <line num="3" count="1" type="stmt"/>
      <line num="7" count="3" type="stmt"/>
      <line num="8" count="3" type="stmt"/>
      <line num="11" count="0" type="stmt"/>
      <line num="17" count="0" type="cond" truecount="0" falsecount="2"/>
      <line num="18" count="0" type="stmt"/>
      <line num="19" count="0" type="stmt"/>
      <line num="20" count="0" type="stmt"/>
      <line num="23" count="0" type="cond" truecount="0" falsecount="2"/>
      <line num="24" count="0" type="stmt"/>
      <line num="25" count="0" type="stmt"/>
      <line num="28" count="0" type="cond" truecount="0" falsecount="2"/>
      <line num="29" count="0" type="stmt"/>
      <line num="30" count="0" type="stmt"/>
      <line num="31" count="0" type="stmt"/>
      <line num="34" count="1" type="stmt"/>
    </file>
  </project>
</coverage>
