{"D:\\Documents\\GitHub\\CloudX.js\\src\\AssetDiff.ts": {"path":"D:\\Documents\\GitHub\\CloudX.js\\src\\AssetDiff.ts","statementMap":{"0":{"start":{"line":12,"column":2},"end":{"line":12,"column":22}},"1":{"start":{"line":13,"column":2},"end":{"line":13,"column":24}},"2":{"start":{"line":14,"column":2},"end":{"line":14,"column":24}},"3":{"start":{"line":15,"column":2},"end":{"line":15,"column":45}},"4":{"start":{"line":18,"column":2},"end":{"line":18,"column":14}},"5":{"start":{"line":21,"column":2},"end":{"line":26,"column":4}},"6":{"start":{"line":6,"column":0},"end":{"line":6,"column":13}},"7":{"start":{"line":39,"column":0},"end":{"line":39,"column":null}},"8":{"start":{"line":40,"column":1},"end":{"line":40,"column":null}},"9":{"start":{"line":41,"column":1},"end":{"line":41,"column":null}},"10":{"start":{"line":42,"column":1},"end":{"line":42,"column":null}}},"fnMap":{"0":{"name":"(anonymous_0)","decl":{"start":{"line":11,"column":1},"end":{"line":11,"column":13}},"loc":{"start":{"line":11,"column":52},"end":{"line":16,"column":2}}},"1":{"name":"(anonymous_1)","decl":{"start":{"line":17,"column":1},"end":{"line":17,"column":7}},"loc":{"start":{"line":17,"column":16},"end":{"line":19,"column":2}}},"2":{"name":"(anonymous_2)","decl":{"start":{"line":20,"column":1},"end":{"line":20,"column":7}},"loc":{"start":{"line":20,"column":7},"end":{"line":27,"column":2}}},"3":{"name":"(anonymous_3)","decl":{"start":{"line":39,"column":0},"end":{"line":39,"column":5}},"loc":{"start":{"line":39,"column":9},"end":{"line":43,"column":1}}}},"branchMap":{"0":{"loc":{"start":{"line":11,"column":33},"end":{"line":11,"column":52}},"type":"default-arg","locations":[{"start":{"line":11,"column":33},"end":{"line":11,"column":52}}]},"1":{"loc":{"start":{"line":39,"column":5},"end":{"line":39,"column":9}},"type":"binary-expr","locations":[{"start":{"line":39,"column":5},"end":{"line":39,"column":9}},{"start":{"line":39,"column":5},"end":{"line":39,"column":null}}]}},"s":{"0":1,"1":1,"2":1,"3":1,"4":1,"5":1,"6":1,"7":1,"8":1,"9":1,"10":1},"f":{"0":1,"1":1,"2":1,"3":1},"b":{"0":[0],"1":[1,1]}}
,"D:\\Documents\\GitHub\\CloudX.js\\src\\AssetEntry.ts": {"path":"D:\\Documents\\GitHub\\CloudX.js\\src\\AssetEntry.ts","statementMap":{"0":{"start":{"line":1,"column":0},"end":{"line":1,"column":52}},"1":{"start":{"line":15,"column":2},"end":{"line":15,"column":18}},"2":{"start":{"line":16,"column":2},"end":{"line":16,"column":28}},"3":{"start":{"line":17,"column":2},"end":{"line":20,"column":42}},"4":{"start":{"line":21,"column":2},"end":{"line":21,"column":24}},"5":{"start":{"line":28,"column":2},"end":{"line":29,"column":76}},"6":{"start":{"line":29,"column":3},"end":{"line":29,"column":76}},"7":{"start":{"line":30,"column":2},"end":{"line":30,"column":45}},"8":{"start":{"line":33,"column":2},"end":{"line":33,"column":30}},"9":{"start":{"line":36,"column":2},"end":{"line":41,"column":4}},"10":{"start":{"line":9,"column":0},"end":{"line":9,"column":13}}},"fnMap":{"0":{"name":"(anonymous_0)","decl":{"start":{"line":14,"column":1},"end":{"line":14,"column":13}},"loc":{"start":{"line":14,"column":60},"end":{"line":22,"column":2}}},"1":{"name":"(anonymous_1)","decl":{"start":{"line":27,"column":1},"end":{"line":27,"column":12}},"loc":{"start":{"line":27,"column":21},"end":{"line":31,"column":2}}},"2":{"name":"(anonymous_2)","decl":{"start":{"line":32,"column":1},"end":{"line":32,"column":12}},"loc":{"start":{"line":32,"column":35},"end":{"line":34,"column":2}}},"3":{"name":"(anonymous_3)","decl":{"start":{"line":35,"column":1},"end":{"line":35,"column":7}},"loc":{"start":{"line":35,"column":7},"end":{"line":42,"column":2}}}},"branchMap":{"0":{"loc":{"start":{"line":14,"column":37},"end":{"line":14,"column":60}},"type":"default-arg","locations":[{"start":{"line":14,"column":37},"end":{"line":14,"column":60}}]},"1":{"loc":{"start":{"line":19,"column":6},"end":{"line":19,"column":20}},"type":"cond-expr","locations":[{"start":{"line":19,"column":6},"end":{"line":19,"column":20}},{"start":{"line":20,"column":6},"end":{"line":20,"column":41}}]},"2":{"loc":{"start":{"line":28,"column":2},"end":{"line":29,"column":76}},"type":"if","locations":[{"start":{"line":28,"column":2},"end":{"line":29,"column":76}},{"start":{"line":28,"column":2},"end":{"line":29,"column":76}}]},"3":{"loc":{"start":{"line":28,"column":6},"end":{"line":28,"column":26}},"type":"binary-expr","locations":[{"start":{"line":28,"column":6},"end":{"line":28,"column":26}},{"start":{"line":28,"column":30},"end":{"line":28,"column":60}}]},"4":{"loc":{"start":{"line":39,"column":32},"end":{"line":39,"column":34}},"type":"cond-expr","locations":[{"start":{"line":39,"column":32},"end":{"line":39,"column":34}},{"start":{"line":39,"column":32},"end":{"line":39,"column":42}}]},"5":{"loc":{"start":{"line":39,"column":16},"end":{"line":39,"column":34}},"type":"binary-expr","locations":[{"start":{"line":39,"column":16},"end":{"line":39,"column":34}},{"start":{"line":39,"column":32},"end":{"line":39,"column":34}}]}},"s":{"0":1,"1":3,"2":3,"3":3,"4":3,"5":1,"6":0,"7":1,"8":1,"9":1,"10":1},"f":{"0":3,"1":1,"2":1,"3":1},"b":{"0":[0],"1":[0,3],"2":[0,1],"3":[1,1],"4":[0,1],"5":[1,1]}}
,"D:\\Documents\\GitHub\\CloudX.js\\src\\AssetInfo.ts": {"path":"D:\\Documents\\GitHub\\CloudX.js\\src\\AssetInfo.ts","statementMap":{"0":{"start":{"line":15,"column":2},"end":{"line":15,"column":28}},"1":{"start":{"line":16,"column":2},"end":{"line":16,"column":32}},"2":{"start":{"line":17,"column":2},"end":{"line":17,"column":24}},"3":{"start":{"line":18,"column":2},"end":{"line":18,"column":22}},"4":{"start":{"line":19,"column":2},"end":{"line":19,"column":34}},"5":{"start":{"line":20,"column":2},"end":{"line":20,"column":52}},"6":{"start":{"line":21,"column":2},"end":{"line":21,"column":73}},"7":{"start":{"line":24,"column":2},"end":{"line":32,"column":4}},"8":{"start":{"line":6,"column":0},"end":{"line":6,"column":13}}},"fnMap":{"0":{"name":"(anonymous_0)","decl":{"start":{"line":14,"column":1},"end":{"line":14,"column":13}},"loc":{"start":{"line":14,"column":52},"end":{"line":22,"column":2}}},"1":{"name":"(anonymous_1)","decl":{"start":{"line":23,"column":1},"end":{"line":23,"column":7}},"loc":{"start":{"line":23,"column":7},"end":{"line":33,"column":2}}}},"branchMap":{"0":{"loc":{"start":{"line":14,"column":33},"end":{"line":14,"column":52}},"type":"default-arg","locations":[{"start":{"line":14,"column":33},"end":{"line":14,"column":52}}]}},"s":{"0":1,"1":1,"2":1,"3":1,"4":1,"5":1,"6":1,"7":1,"8":1},"f":{"0":1,"1":1},"b":{"0":[0]}}
,"D:\\Documents\\GitHub\\CloudX.js\\src\\AssetUtil.ts": {"path":"D:\\Documents\\GitHub\\CloudX.js\\src\\AssetUtil.ts","statementMap":{"0":{"start":{"line":1,"column":0},"end":{"line":1,"column":20}},"1":{"start":{"line":2,"column":0},"end":{"line":2,"column":28}},"2":{"start":{"line":3,"column":0},"end":{"line":3,"column":48}},"3":{"start":{"line":19,"column":2},"end":{"line":19,"column":11}},"4":{"start":{"line":32,"column":2},"end":{"line":42,"column":null}},"5":{"start":{"line":33,"column":3},"end":{"line":37,"column":25}},"6":{"start":{"line":38,"column":9},"end":{"line":42,"column":null}},"7":{"start":{"line":39,"column":3},"end":{"line":39,"column":60}},"8":{"start":{"line":41,"column":3},"end":{"line":41,"column":65}},"9":{"start":{"line":54,"column":2},"end":{"line":55,"column":31}},"10":{"start":{"line":55,"column":3},"end":{"line":55,"column":31}},"11":{"start":{"line":56,"column":2},"end":{"line":56,"column":55}},"12":{"start":{"line":68,"column":2},"end":{"line":68,"column":75}},"13":{"start":{"line":68,"column":25},"end":{"line":68,"column":75}},"14":{"start":{"line":69,"column":2},"end":{"line":69,"column":62}},"15":{"start":{"line":69,"column":30},"end":{"line":69,"column":62}},"16":{"start":{"line":70,"column":26},"end":{"line":70,"column":41}},"17":{"start":{"line":71,"column":16},"end":{"line":71,"column":48}},"18":{"start":{"line":72,"column":2},"end":{"line":72,"column":38}},"19":{"start":{"line":72,"column":13},"end":{"line":72,"column":38}},"20":{"start":{"line":73,"column":2},"end":{"line":73,"column":42}},"21":{"start":{"line":85,"column":2},"end":{"line":87,"column":31}},"22":{"start":{"line":103,"column":17},"end":{"line":103,"column":40}},"23":{"start":{"line":104,"column":2},"end":{"line":109,"column":null}},"24":{"start":{"line":105,"column":3},"end":{"line":105,"column":47}},"25":{"start":{"line":106,"column":3},"end":{"line":106,"column":48}},"26":{"start":{"line":108,"column":3},"end":{"line":108,"column":30}},"27":{"start":{"line":110,"column":2},"end":{"line":110,"column":46}},"28":{"start":{"line":10,"column":0},"end":{"line":10,"column":13}}},"fnMap":{"0":{"name":"(anonymous_1)","decl":{"start":{"line":18,"column":8},"end":{"line":18,"column":14}},"loc":{"start":{"line":18,"column":34},"end":{"line":20,"column":2}}},"1":{"name":"(anonymous_2)","decl":{"start":{"line":31,"column":8},"end":{"line":31,"column":14}},"loc":{"start":{"line":31,"column":58},"end":{"line":43,"column":2}}},"2":{"name":"(anonymous_3)","decl":{"start":{"line":53,"column":8},"end":{"line":53,"column":14}},"loc":{"start":{"line":53,"column":63},"end":{"line":57,"column":2}}},"3":{"name":"(anonymous_4)","decl":{"start":{"line":67,"column":8},"end":{"line":67,"column":14}},"loc":{"start":{"line":67,"column":65},"end":{"line":74,"column":2}}},"4":{"name":"(anonymous_5)","decl":{"start":{"line":84,"column":8},"end":{"line":84,"column":14}},"loc":{"start":{"line":84,"column":68},"end":{"line":88,"column":2}}},"5":{"name":"(anonymous_6)","decl":{"start":{"line":98,"column":8},"end":{"line":98,"column":14}},"loc":{"start":{"line":101,"column":22},"end":{"line":111,"column":2}}}},"branchMap":{"0":{"loc":{"start":{"line":32,"column":2},"end":{"line":42,"column":null}},"type":"if","locations":[{"start":{"line":32,"column":2},"end":{"line":42,"column":null}},{"start":{"line":32,"column":2},"end":{"line":42,"column":null}}]},"1":{"loc":{"start":{"line":38,"column":9},"end":{"line":42,"column":null}},"type":"if","locations":[{"start":{"line":38,"column":9},"end":{"line":42,"column":null}},{"start":{"line":38,"column":9},"end":{"line":42,"column":null}}]},"2":{"loc":{"start":{"line":54,"column":2},"end":{"line":55,"column":31}},"type":"if","locations":[{"start":{"line":54,"column":2},"end":{"line":55,"column":31}},{"start":{"line":54,"column":2},"end":{"line":55,"column":31}}]},"3":{"loc":{"start":{"line":54,"column":6},"end":{"line":54,"column":52}},"type":"binary-expr","locations":[{"start":{"line":54,"column":6},"end":{"line":54,"column":52}},{"start":{"line":54,"column":56},"end":{"line":54,"column":75}}]},"4":{"loc":{"start":{"line":54,"column":8},"end":{"line":54,"column":25}},"type":"binary-expr","locations":[{"start":{"line":54,"column":8},"end":{"line":54,"column":25}},{"start":{"line":54,"column":29},"end":{"line":54,"column":51}}]},"5":{"loc":{"start":{"line":68,"column":2},"end":{"line":68,"column":75}},"type":"if","locations":[{"start":{"line":68,"column":2},"end":{"line":68,"column":75}},{"start":{"line":68,"column":2},"end":{"line":68,"column":75}}]},"6":{"loc":{"start":{"line":69,"column":2},"end":{"line":69,"column":62}},"type":"if","locations":[{"start":{"line":69,"column":2},"end":{"line":69,"column":62}},{"start":{"line":69,"column":2},"end":{"line":69,"column":62}}]},"7":{"loc":{"start":{"line":72,"column":2},"end":{"line":72,"column":38}},"type":"if","locations":[{"start":{"line":72,"column":2},"end":{"line":72,"column":38}},{"start":{"line":72,"column":2},"end":{"line":72,"column":38}}]},"8":{"loc":{"start":{"line":86,"column":5},"end":{"line":86,"column":14}},"type":"cond-expr","locations":[{"start":{"line":86,"column":5},"end":{"line":86,"column":14}},{"start":{"line":87,"column":5},"end":{"line":87,"column":30}}]},"9":{"loc":{"start":{"line":85,"column":9},"end":{"line":85,"column":24}},"type":"binary-expr","locations":[{"start":{"line":85,"column":9},"end":{"line":85,"column":24}},{"start":{"line":85,"column":28},"end":{"line":85,"column":48}}]},"10":{"loc":{"start":{"line":104,"column":2},"end":{"line":109,"column":null}},"type":"if","locations":[{"start":{"line":104,"column":2},"end":{"line":109,"column":null}},{"start":{"line":104,"column":2},"end":{"line":109,"column":null}}]}},"s":{"0":1,"1":1,"2":1,"3":1,"4":1,"5":1,"6":0,"7":0,"8":0,"9":2,"10":0,"11":2,"12":1,"13":0,"14":1,"15":0,"16":1,"17":1,"18":1,"19":1,"20":1,"21":5,"22":2,"23":2,"24":1,"25":1,"26":1,"27":2,"28":1},"f":{"0":1,"1":1,"2":2,"3":1,"4":5,"5":2},"b":{"0":[1,0],"1":[0,0],"2":[0,2],"3":[2,2],"4":[2,2],"5":[0,1],"6":[0,1],"7":[1,0],"8":[3,2],"9":[5,4],"10":[1,1]}}
,"D:\\Documents\\GitHub\\CloudX.js\\src\\ComputationLock.ts": {"path":"D:\\Documents\\GitHub\\CloudX.js\\src\\ComputationLock.ts","statementMap":{"0":{"start":{"line":2,"column":0},"end":{"line":2,"column":36}},"1":{"start":{"line":7,"column":2},"end":{"line":7,"column":24}},"2":{"start":{"line":8,"column":2},"end":{"line":8,"column":38}},"3":{"start":{"line":11,"column":2},"end":{"line":14,"column":4}},"4":{"start":{"line":17,"column":2},"end":{"line":17,"column":34}},"5":{"start":{"line":17,"column":21},"end":{"line":17,"column":34}},"6":{"start":{"line":18,"column":2},"end":{"line":18,"column":24}},"7":{"start":{"line":19,"column":2},"end":{"line":19,"column":73}},"8":{"start":{"line":20,"column":2},"end":{"line":20,"column":14}},"9":{"start":{"line":23,"column":2},"end":{"line":23,"column":40}},"10":{"start":{"line":23,"column":27},"end":{"line":23,"column":40}},"11":{"start":{"line":24,"column":2},"end":{"line":24,"column":73}},"12":{"start":{"line":25,"column":2},"end":{"line":25,"column":14}},"13":{"start":{"line":28,"column":2},"end":{"line":28,"column":40}},"14":{"start":{"line":28,"column":27},"end":{"line":28,"column":40}},"15":{"start":{"line":29,"column":2},"end":{"line":29,"column":18}},"16":{"start":{"line":30,"column":2},"end":{"line":30,"column":36}},"17":{"start":{"line":31,"column":2},"end":{"line":31,"column":14}},"18":{"start":{"line":34,"column":2},"end":{"line":34,"column":64}},"19":{"start":{"line":3,"column":0},"end":{"line":3,"column":13}}},"fnMap":{"0":{"name":"(anonymous_0)","decl":{"start":{"line":6,"column":1},"end":{"line":6,"column":13}},"loc":{"start":{"line":6,"column":64},"end":{"line":9,"column":2}}},"1":{"name":"(anonymous_1)","decl":{"start":{"line":10,"column":1},"end":{"line":10,"column":12}},"loc":{"start":{"line":10,"column":20},"end":{"line":15,"column":2}}},"2":{"name":"(anonymous_2)","decl":{"start":{"line":16,"column":8},"end":{"line":16,"column":15}},"loc":{"start":{"line":16,"column":34},"end":{"line":21,"column":2}}},"3":{"name":"(anonymous_3)","decl":{"start":{"line":22,"column":8},"end":{"line":22,"column":17}},"loc":{"start":{"line":22,"column":51},"end":{"line":26,"column":2}}},"4":{"name":"(anonymous_4)","decl":{"start":{"line":27,"column":8},"end":{"line":27,"column":18}},"loc":{"start":{"line":27,"column":32},"end":{"line":32,"column":2}}},"5":{"name":"(anonymous_5)","decl":{"start":{"line":33,"column":1},"end":{"line":33,"column":7}},"loc":{"start":{"line":33,"column":7},"end":{"line":35,"column":2}}}},"branchMap":{"0":{"loc":{"start":{"line":6,"column":39},"end":{"line":6,"column":64}},"type":"default-arg","locations":[{"start":{"line":6,"column":39},"end":{"line":6,"column":64}}]},"1":{"loc":{"start":{"line":12,"column":3},"end":{"line":12,"column":51}},"type":"binary-expr","locations":[{"start":{"line":12,"column":3},"end":{"line":12,"column":51}},{"start":{"line":13,"column":3},"end":{"line":13,"column":36}}]},"2":{"loc":{"start":{"line":12,"column":5},"end":{"line":12,"column":23}},"type":"binary-expr","locations":[{"start":{"line":12,"column":5},"end":{"line":12,"column":23}},{"start":{"line":12,"column":27},"end":{"line":12,"column":50}}]},"3":{"loc":{"start":{"line":17,"column":2},"end":{"line":17,"column":34}},"type":"if","locations":[{"start":{"line":17,"column":2},"end":{"line":17,"column":34}},{"start":{"line":17,"column":2},"end":{"line":17,"column":34}}]},"4":{"loc":{"start":{"line":23,"column":2},"end":{"line":23,"column":40}},"type":"if","locations":[{"start":{"line":23,"column":2},"end":{"line":23,"column":40}},{"start":{"line":23,"column":2},"end":{"line":23,"column":40}}]},"5":{"loc":{"start":{"line":28,"column":2},"end":{"line":28,"column":40}},"type":"if","locations":[{"start":{"line":28,"column":2},"end":{"line":28,"column":40}},{"start":{"line":28,"column":2},"end":{"line":28,"column":40}}]}},"s":{"0":1,"1":3,"2":3,"3":0,"4":0,"5":0,"6":0,"7":0,"8":0,"9":0,"10":0,"11":0,"12":0,"13":0,"14":0,"15":0,"16":0,"17":0,"18":1,"19":1},"f":{"0":3,"1":0,"2":0,"3":0,"4":0,"5":1},"b":{"0":[0],"1":[0,0],"2":[0,0],"3":[0,0],"4":[0,0],"5":[0,0]}}
}
