TN:
SF:src\AssetDiff.ts
FN:11,(anonymous_0)
FN:17,(anonymous_1)
FN:20,(anonymous_2)
FN:39,(anonymous_3)
FNF:4
FNH:4
FNDA:1,(anonymous_0)
FNDA:1,(anonymous_1)
FNDA:1,(anonymous_2)
FNDA:1,(anonymous_3)
DA:6,1
DA:12,1
DA:13,1
DA:14,1
DA:15,1
DA:18,1
DA:21,1
DA:39,1
DA:40,1
DA:41,1
DA:42,1
LF:11
LH:11
BRDA:11,0,0,0
BRDA:39,1,0,1
BRDA:39,1,1,1
BRF:3
BRH:2
end_of_record
TN:
SF:src\AssetEntry.ts
FN:14,(anonymous_0)
FN:27,(anonymous_1)
FN:32,(anonymous_2)
FN:35,(anonymous_3)
FNF:4
FNH:4
FNDA:3,(anonymous_0)
FNDA:1,(anonymous_1)
FNDA:1,(anonymous_2)
FNDA:1,(anonymous_3)
DA:1,1
DA:9,1
DA:15,3
DA:16,3
DA:17,3
DA:21,3
DA:28,1
DA:29,0
DA:30,1
DA:33,1
DA:36,1
LF:11
LH:10
BRDA:14,0,0,0
BRDA:19,1,0,0
BRDA:19,1,1,3
BRDA:28,2,0,0
BRDA:28,2,1,1
BRDA:28,3,0,1
BRDA:28,3,1,1
BRDA:39,4,0,0
BRDA:39,4,1,1
BRDA:39,5,0,1
BRDA:39,5,1,1
BRF:11
BRH:7
end_of_record
TN:
SF:src\AssetInfo.ts
FN:14,(anonymous_0)
FN:23,(anonymous_1)
FNF:2
FNH:2
FNDA:1,(anonymous_0)
FNDA:1,(anonymous_1)
DA:6,1
DA:15,1
DA:16,1
DA:17,1
DA:18,1
DA:19,1
DA:20,1
DA:21,1
DA:24,1
LF:9
LH:9
BRDA:14,0,0,0
BRF:1
BRH:0
end_of_record
TN:
SF:src\AssetUtil.ts
FN:18,(anonymous_1)
FN:31,(anonymous_2)
FN:53,(anonymous_3)
FN:67,(anonymous_4)
FN:84,(anonymous_5)
FN:98,(anonymous_6)
FNF:6
FNH:6
FNDA:1,(anonymous_1)
FNDA:1,(anonymous_2)
FNDA:2,(anonymous_3)
FNDA:1,(anonymous_4)
FNDA:5,(anonymous_5)
FNDA:2,(anonymous_6)
DA:1,1
DA:2,1
DA:3,1
DA:10,1
DA:19,1
DA:32,1
DA:33,1
DA:38,0
DA:39,0
DA:41,0
DA:54,2
DA:55,0
DA:56,2
DA:68,1
DA:69,1
DA:70,1
DA:71,1
DA:72,1
DA:73,1
DA:85,5
DA:103,2
DA:104,2
DA:105,1
DA:106,1
DA:108,1
DA:110,2
LF:26
LH:22
BRDA:32,0,0,1
BRDA:32,0,1,0
BRDA:38,1,0,0
BRDA:38,1,1,0
BRDA:54,2,0,0
BRDA:54,2,1,2
BRDA:54,3,0,2
BRDA:54,3,1,2
BRDA:54,4,0,2
BRDA:54,4,1,2
BRDA:68,5,0,0
BRDA:68,5,1,1
BRDA:69,6,0,0
BRDA:69,6,1,1
BRDA:72,7,0,1
BRDA:72,7,1,0
BRDA:86,8,0,3
BRDA:86,8,1,2
BRDA:85,9,0,5
BRDA:85,9,1,4
BRDA:104,10,0,1
BRDA:104,10,1,1
BRF:22
BRH:15
end_of_record
TN:
SF:src\ComputationLock.ts
FN:6,(anonymous_0)
FN:10,(anonymous_1)
FN:16,(anonymous_2)
FN:22,(anonymous_3)
FN:27,(anonymous_4)
FN:33,(anonymous_5)
FNF:6
FNH:2
FNDA:3,(anonymous_0)
FNDA:0,(anonymous_1)
FNDA:0,(anonymous_2)
FNDA:0,(anonymous_3)
FNDA:0,(anonymous_4)
FNDA:1,(anonymous_5)
DA:2,1
DA:3,1
DA:7,3
DA:8,3
DA:11,0
DA:17,0
DA:18,0
DA:19,0
DA:20,0
DA:23,0
DA:24,0
DA:25,0
DA:28,0
DA:29,0
DA:30,0
DA:31,0
DA:34,1
LF:17
LH:5
BRDA:6,0,0,0
BRDA:12,1,0,0
BRDA:12,1,1,0
BRDA:12,2,0,0
BRDA:12,2,1,0
BRDA:17,3,0,0
BRDA:17,3,1,0
BRDA:23,4,0,0
BRDA:23,4,1,0
BRDA:28,5,0,0
BRDA:28,5,1,0
BRF:11
BRH:0
end_of_record
